{"C:\\Users\\SEAMFIX\\Desktop\\build\\google-careers-clone\\src\\components\\Navigation\\ProfileImage.vue": {"path":"C:\\Users\\SEAMFIX\\Desktop\\build\\google-careers-clone\\src\\components\\Navigation\\ProfileImage.vue","statementMap":{"0":{"start":{"line":10,"column":15},"end":{"line":10,"column":null}},"1":{"start":{"line":13,"column":4},"end":{"line":13,"column":11}}},"fnMap":{"0":{"name":"(anonymous_0)","decl":{"start":{"line":12,"column":2},"end":{"line":12,"column":6}},"loc":{"start":{"line":12,"column":9},"end":{"line":17,"column":null}}}},"branchMap":{},"s":{"0":2,"1":1},"f":{"0":1},"b":{}}
,"C:\\Users\\SEAMFIX\\Desktop\\build\\google-careers-clone\\src\\components\\Navigation\\SubNav.vue": {"path":"C:\\Users\\SEAMFIX\\Desktop\\build\\google-careers-clone\\src\\components\\Navigation\\SubNav.vue","statementMap":{"0":{"start":{"line":14,"column":15},"end":{"line":14,"column":null}},"1":{"start":{"line":17,"column":4},"end":{"line":17,"column":11}}},"fnMap":{"0":{"name":"(anonymous_0)","decl":{"start":{"line":16,"column":2},"end":{"line":16,"column":6}},"loc":{"start":{"line":16,"column":9},"end":{"line":20,"column":null}}}},"branchMap":{},"s":{"0":2,"1":2},"f":{"0":2},"b":{}}
,"C:\\Users\\SEAMFIX\\Desktop\\build\\google-careers-clone\\src\\components\\Shared\\ActionButton.vue": {"path":"C:\\Users\\SEAMFIX\\Desktop\\build\\google-careers-clone\\src\\components\\Shared\\ActionButton.vue","statementMap":{"0":{"start":{"line":8,"column":15},"end":{"line":8,"column":null}},"1":{"start":{"line":20,"column":8},"end":{"line":20,"column":15}},"2":{"start":{"line":26,"column":6},"end":{"line":26,"column":13}}},"fnMap":{"0":{"name":"(anonymous_0)","decl":{"start":{"line":19,"column":6},"end":{"line":19,"column":15}},"loc":{"start":{"line":19,"column":23},"end":{"line":21,"column":null}}},"1":{"name":"(anonymous_1)","decl":{"start":{"line":25,"column":4},"end":{"line":25,"column":15}},"loc":{"start":{"line":25,"column":18},"end":{"line":29,"column":null}}}},"branchMap":{},"s":{"0":2,"1":7,"2":2},"f":{"0":7,"1":2},"b":{}}
,"C:\\Users\\SEAMFIX\\Desktop\\build\\google-careers-clone\\src\\utils\\nextElementInList.js": {"path":"C:\\Users\\SEAMFIX\\Desktop\\build\\google-careers-clone\\src\\utils\\nextElementInList.js","statementMap":{"0":{"start":{"line":1,"column":26},"end":{"line":6,"column":1}},"1":{"start":{"line":2,"column":28},"end":{"line":2,"column":47}},"2":{"start":{"line":3,"column":25},"end":{"line":3,"column":62}},"3":{"start":{"line":4,"column":20},"end":{"line":4,"column":40}},"4":{"start":{"line":5,"column":2},"end":{"line":5,"column":19}}},"fnMap":{"0":{"name":"(anonymous_0)","decl":{"start":{"line":1,"column":26},"end":{"line":1,"column":27}},"loc":{"start":{"line":1,"column":43},"end":{"line":6,"column":1}},"line":1}},"branchMap":{},"s":{"0":2,"1":5,"2":5,"3":5,"4":5},"f":{"0":5},"b":{},"_coverageSchema":"1a1c01bbd47fc00a2c39e90264f33305004495a9","hash":"f5da5143f4275b8c5860d0321cf915a927ff260f"}
}
